2017-03-30 10:46:59  [ main:0 ] - [ DEBUG ]  Using Log4J as the default logging framework
2017-03-30 10:46:59  [ main:7 ] - [ DEBUG ]  -Dio.netty.eventLoopThreads: 8
2017-03-30 10:46:59  [ main:35 ] - [ DEBUG ]  -Dio.netty.noKeySetOptimization: false
2017-03-30 10:46:59  [ main:36 ] - [ DEBUG ]  -Dio.netty.selectorAutoRebuildThreshold: 512
2017-03-30 10:46:59  [ main:230 ] - [ DEBUG ]  -Dio.netty.machineId: a8:6b:ad:21:b5:8f:00:00 (auto-detected)
2017-03-30 10:46:59  [ main:239 ] - [ DEBUG ]  -Dio.netty.processId: 40068 (auto-detected)
2017-03-30 10:47:00  [ main:316 ] - [ DEBUG ]  -Dio.netty.initialSeedUniquifier: 0x4ca2e5436c7d5d0c
2017-03-30 10:47:00  [ main:340 ] - [ DEBUG ]  -Dio.netty.threadLocalDirectBufferSize: 65536
2017-03-30 10:47:00  [ main:366 ] - [ DEBUG ]  Platform: Windows
2017-03-30 10:47:00  [ main:367 ] - [ DEBUG ]  Java version: 7
2017-03-30 10:47:00  [ main:367 ] - [ DEBUG ]  -Dio.netty.noUnsafe: false
2017-03-30 10:47:00  [ main:368 ] - [ DEBUG ]  java.nio.ByteBuffer.cleaner: available
2017-03-30 10:47:00  [ main:368 ] - [ DEBUG ]  java.nio.Buffer.address: available
2017-03-30 10:47:00  [ main:369 ] - [ DEBUG ]  sun.misc.Unsafe.theUnsafe: available
2017-03-30 10:47:00  [ main:369 ] - [ DEBUG ]  sun.misc.Unsafe.copyMemory: available
2017-03-30 10:47:00  [ main:370 ] - [ DEBUG ]  java.nio.Bits.unaligned: true
2017-03-30 10:47:00  [ main:371 ] - [ DEBUG ]  sun.misc.Unsafe: available
2017-03-30 10:47:00  [ main:371 ] - [ DEBUG ]  -Dio.netty.noJavassist: false
2017-03-30 10:47:00  [ main:404 ] - [ DEBUG ]  Javassist: available
2017-03-30 10:47:00  [ main:405 ] - [ DEBUG ]  -Dio.netty.noPreferDirect: false
2017-03-30 10:47:00  [ nioEventLoopGroup-2-1:438 ] - [ DEBUG ]  -Dio.netty.leakDetectionLevel: simple
2017-03-30 10:47:31  [ main:0 ] - [ DEBUG ]  Using Log4J as the default logging framework
2017-03-30 10:47:31  [ main:7 ] - [ DEBUG ]  -Dio.netty.eventLoopThreads: 8
2017-03-30 10:47:31  [ main:24 ] - [ DEBUG ]  -Dio.netty.noKeySetOptimization: false
2017-03-30 10:47:31  [ main:26 ] - [ DEBUG ]  -Dio.netty.selectorAutoRebuildThreshold: 512
2017-03-30 10:47:31  [ main:209 ] - [ DEBUG ]  -Dio.netty.machineId: a8:6b:ad:21:b5:8f:00:00 (auto-detected)
2017-03-30 10:47:31  [ main:220 ] - [ DEBUG ]  -Dio.netty.processId: 39184 (auto-detected)
2017-03-30 10:47:31  [ main:295 ] - [ DEBUG ]  -Dio.netty.initialSeedUniquifier: 0xd66fb4167c232755
2017-03-30 10:47:31  [ main:302 ] - [ DEBUG ]  -Dio.netty.threadLocalDirectBufferSize: 65536
2017-03-30 10:47:31  [ main:324 ] - [ DEBUG ]  Platform: Windows
2017-03-30 10:47:31  [ main:325 ] - [ DEBUG ]  Java version: 7
2017-03-30 10:47:31  [ main:325 ] - [ DEBUG ]  -Dio.netty.noUnsafe: false
2017-03-30 10:47:31  [ main:327 ] - [ DEBUG ]  java.nio.ByteBuffer.cleaner: available
2017-03-30 10:47:31  [ main:327 ] - [ DEBUG ]  java.nio.Buffer.address: available
2017-03-30 10:47:31  [ main:328 ] - [ DEBUG ]  sun.misc.Unsafe.theUnsafe: available
2017-03-30 10:47:31  [ main:328 ] - [ DEBUG ]  sun.misc.Unsafe.copyMemory: available
2017-03-30 10:47:31  [ main:328 ] - [ DEBUG ]  java.nio.Bits.unaligned: true
2017-03-30 10:47:31  [ main:329 ] - [ DEBUG ]  sun.misc.Unsafe: available
2017-03-30 10:47:31  [ main:330 ] - [ DEBUG ]  -Dio.netty.noJavassist: false
2017-03-30 10:47:31  [ main:351 ] - [ DEBUG ]  Javassist: available
2017-03-30 10:47:31  [ main:352 ] - [ DEBUG ]  -Dio.netty.noPreferDirect: false
2017-03-30 10:47:31  [ nioEventLoopGroup-2-1:371 ] - [ DEBUG ]  -Dio.netty.leakDetectionLevel: simple
2017-03-30 10:47:41  [ main:0 ] - [ DEBUG ]  Using Log4J as the default logging framework
2017-03-30 10:47:41  [ main:5 ] - [ DEBUG ]  -Dio.netty.eventLoopThreads: 8
2017-03-30 10:47:41  [ main:21 ] - [ DEBUG ]  -Dio.netty.noKeySetOptimization: false
2017-03-30 10:47:41  [ main:23 ] - [ DEBUG ]  -Dio.netty.selectorAutoRebuildThreshold: 512
2017-03-30 10:47:41  [ main:206 ] - [ DEBUG ]  -Dio.netty.machineId: a8:6b:ad:21:b5:8f:00:00 (auto-detected)
2017-03-30 10:47:41  [ main:217 ] - [ DEBUG ]  -Dio.netty.processId: 11240 (auto-detected)
2017-03-30 10:47:41  [ main:288 ] - [ DEBUG ]  -Dio.netty.initialSeedUniquifier: 0x7a7b42dc80fb0c22
2017-03-30 10:47:41  [ main:297 ] - [ DEBUG ]  -Dio.netty.threadLocalDirectBufferSize: 65536
2017-03-30 10:47:41  [ main:319 ] - [ DEBUG ]  Platform: Windows
2017-03-30 10:47:41  [ main:320 ] - [ DEBUG ]  Java version: 7
2017-03-30 10:47:41  [ main:320 ] - [ DEBUG ]  -Dio.netty.noUnsafe: false
2017-03-30 10:47:41  [ main:321 ] - [ DEBUG ]  java.nio.ByteBuffer.cleaner: available
2017-03-30 10:47:41  [ main:321 ] - [ DEBUG ]  java.nio.Buffer.address: available
2017-03-30 10:47:41  [ main:323 ] - [ DEBUG ]  sun.misc.Unsafe.theUnsafe: available
2017-03-30 10:47:41  [ main:323 ] - [ DEBUG ]  sun.misc.Unsafe.copyMemory: available
2017-03-30 10:47:41  [ main:324 ] - [ DEBUG ]  java.nio.Bits.unaligned: true
2017-03-30 10:47:41  [ main:326 ] - [ DEBUG ]  sun.misc.Unsafe: available
2017-03-30 10:47:41  [ main:326 ] - [ DEBUG ]  -Dio.netty.noJavassist: false
2017-03-30 10:47:41  [ main:348 ] - [ DEBUG ]  Javassist: available
2017-03-30 10:47:41  [ main:348 ] - [ DEBUG ]  -Dio.netty.noPreferDirect: false
2017-03-30 10:47:41  [ nioEventLoopGroup-2-1:367 ] - [ DEBUG ]  -Dio.netty.leakDetectionLevel: simple
2017-03-30 10:58:14  [ main:0 ] - [ DEBUG ]  Using Log4J as the default logging framework
2017-03-30 10:58:14  [ main:6 ] - [ DEBUG ]  -Dio.netty.eventLoopThreads: 8
2017-03-30 10:58:14  [ main:23 ] - [ DEBUG ]  -Dio.netty.noKeySetOptimization: false
2017-03-30 10:58:14  [ main:24 ] - [ DEBUG ]  -Dio.netty.selectorAutoRebuildThreshold: 512
2017-03-30 10:58:14  [ main:199 ] - [ DEBUG ]  -Dio.netty.machineId: a8:6b:ad:21:b5:8f:00:00 (auto-detected)
2017-03-30 10:58:14  [ main:211 ] - [ DEBUG ]  -Dio.netty.processId: 28692 (auto-detected)
2017-03-30 10:58:14  [ main:302 ] - [ DEBUG ]  -Dio.netty.initialSeedUniquifier: 0x01a4926beb9ee495
2017-03-30 10:58:14  [ main:309 ] - [ DEBUG ]  -Dio.netty.threadLocalDirectBufferSize: 65536
2017-03-30 10:58:14  [ main:330 ] - [ DEBUG ]  Platform: Windows
2017-03-30 10:58:14  [ main:331 ] - [ DEBUG ]  Java version: 7
2017-03-30 10:58:14  [ main:331 ] - [ DEBUG ]  -Dio.netty.noUnsafe: false
2017-03-30 10:58:14  [ main:332 ] - [ DEBUG ]  java.nio.ByteBuffer.cleaner: available
2017-03-30 10:58:14  [ main:333 ] - [ DEBUG ]  java.nio.Buffer.address: available
2017-03-30 10:58:14  [ main:334 ] - [ DEBUG ]  sun.misc.Unsafe.theUnsafe: available
2017-03-30 10:58:14  [ main:334 ] - [ DEBUG ]  sun.misc.Unsafe.copyMemory: available
2017-03-30 10:58:14  [ main:335 ] - [ DEBUG ]  java.nio.Bits.unaligned: true
2017-03-30 10:58:14  [ main:336 ] - [ DEBUG ]  sun.misc.Unsafe: available
2017-03-30 10:58:14  [ main:337 ] - [ DEBUG ]  -Dio.netty.noJavassist: false
2017-03-30 10:58:14  [ main:355 ] - [ DEBUG ]  Javassist: available
2017-03-30 10:58:14  [ main:355 ] - [ DEBUG ]  -Dio.netty.noPreferDirect: false
2017-03-30 10:58:14  [ nioEventLoopGroup-2-1:375 ] - [ DEBUG ]  -Dio.netty.leakDetectionLevel: simple
2017-03-30 10:59:02  [ main:0 ] - [ DEBUG ]  Using Log4J as the default logging framework
2017-03-30 10:59:02  [ main:4 ] - [ DEBUG ]  -Dio.netty.eventLoopThreads: 8
2017-03-30 10:59:02  [ main:18 ] - [ DEBUG ]  -Dio.netty.noKeySetOptimization: false
2017-03-30 10:59:02  [ main:19 ] - [ DEBUG ]  -Dio.netty.selectorAutoRebuildThreshold: 512
2017-03-30 10:59:02  [ main:199 ] - [ DEBUG ]  -Dio.netty.machineId: a8:6b:ad:21:b5:8f:00:00 (auto-detected)
2017-03-30 10:59:02  [ main:208 ] - [ DEBUG ]  -Dio.netty.processId: 18512 (auto-detected)
2017-03-30 10:59:02  [ main:281 ] - [ DEBUG ]  -Dio.netty.initialSeedUniquifier: 0x891094853824f0fa
2017-03-30 10:59:02  [ main:290 ] - [ DEBUG ]  -Dio.netty.threadLocalDirectBufferSize: 65536
2017-03-30 10:59:02  [ main:311 ] - [ DEBUG ]  Platform: Windows
2017-03-30 10:59:02  [ main:312 ] - [ DEBUG ]  Java version: 7
2017-03-30 10:59:02  [ main:312 ] - [ DEBUG ]  -Dio.netty.noUnsafe: false
2017-03-30 10:59:02  [ main:314 ] - [ DEBUG ]  java.nio.ByteBuffer.cleaner: available
2017-03-30 10:59:02  [ main:314 ] - [ DEBUG ]  java.nio.Buffer.address: available
2017-03-30 10:59:02  [ main:315 ] - [ DEBUG ]  sun.misc.Unsafe.theUnsafe: available
2017-03-30 10:59:02  [ main:315 ] - [ DEBUG ]  sun.misc.Unsafe.copyMemory: available
2017-03-30 10:59:02  [ main:316 ] - [ DEBUG ]  java.nio.Bits.unaligned: true
2017-03-30 10:59:02  [ main:318 ] - [ DEBUG ]  sun.misc.Unsafe: available
2017-03-30 10:59:02  [ main:319 ] - [ DEBUG ]  -Dio.netty.noJavassist: false
2017-03-30 10:59:02  [ main:339 ] - [ DEBUG ]  Javassist: available
2017-03-30 10:59:02  [ main:339 ] - [ DEBUG ]  -Dio.netty.noPreferDirect: false
2017-03-30 10:59:02  [ nioEventLoopGroup-2-1:360 ] - [ DEBUG ]  -Dio.netty.leakDetectionLevel: simple
2017-03-30 11:11:05  [ main:0 ] - [ DEBUG ]  Using Log4J as the default logging framework
2017-03-30 11:11:05  [ main:7 ] - [ DEBUG ]  -Dio.netty.eventLoopThreads: 8
2017-03-30 11:11:05  [ main:24 ] - [ DEBUG ]  -Dio.netty.noKeySetOptimization: false
2017-03-30 11:11:05  [ main:26 ] - [ DEBUG ]  -Dio.netty.selectorAutoRebuildThreshold: 512
2017-03-30 11:11:05  [ main:207 ] - [ DEBUG ]  -Dio.netty.machineId: a8:6b:ad:21:b5:8f:00:00 (auto-detected)
2017-03-30 11:11:05  [ main:219 ] - [ DEBUG ]  -Dio.netty.processId: 22720 (auto-detected)
2017-03-30 11:11:05  [ main:296 ] - [ DEBUG ]  -Dio.netty.initialSeedUniquifier: 0xfca201fd9d2c9ae8
2017-03-30 11:11:05  [ main:304 ] - [ DEBUG ]  -Dio.netty.threadLocalDirectBufferSize: 65536
2017-03-30 11:11:05  [ main:326 ] - [ DEBUG ]  Platform: Windows
2017-03-30 11:11:05  [ main:326 ] - [ DEBUG ]  Java version: 7
2017-03-30 11:11:05  [ main:326 ] - [ DEBUG ]  -Dio.netty.noUnsafe: false
2017-03-30 11:11:05  [ main:328 ] - [ DEBUG ]  java.nio.ByteBuffer.cleaner: available
2017-03-30 11:11:05  [ main:328 ] - [ DEBUG ]  java.nio.Buffer.address: available
2017-03-30 11:11:05  [ main:328 ] - [ DEBUG ]  sun.misc.Unsafe.theUnsafe: available
2017-03-30 11:11:05  [ main:329 ] - [ DEBUG ]  sun.misc.Unsafe.copyMemory: available
2017-03-30 11:11:05  [ main:329 ] - [ DEBUG ]  java.nio.Bits.unaligned: true
2017-03-30 11:11:05  [ main:330 ] - [ DEBUG ]  sun.misc.Unsafe: available
2017-03-30 11:11:05  [ main:330 ] - [ DEBUG ]  -Dio.netty.noJavassist: false
2017-03-30 11:11:05  [ main:349 ] - [ DEBUG ]  Javassist: available
2017-03-30 11:11:05  [ main:350 ] - [ DEBUG ]  -Dio.netty.noPreferDirect: false
2017-03-30 11:11:05  [ nioEventLoopGroup-2-1:371 ] - [ DEBUG ]  -Dio.netty.leakDetectionLevel: simple
2017-03-30 11:12:29  [ main:0 ] - [ DEBUG ]  Using Log4J as the default logging framework
2017-03-30 11:12:29  [ main:6 ] - [ DEBUG ]  -Dio.netty.eventLoopThreads: 8
2017-03-30 11:12:29  [ main:24 ] - [ DEBUG ]  -Dio.netty.noKeySetOptimization: false
2017-03-30 11:12:29  [ main:26 ] - [ DEBUG ]  -Dio.netty.selectorAutoRebuildThreshold: 512
2017-03-30 11:12:29  [ main:203 ] - [ DEBUG ]  -Dio.netty.machineId: a8:6b:ad:21:b5:8f:00:00 (auto-detected)
2017-03-30 11:12:29  [ main:215 ] - [ DEBUG ]  -Dio.netty.processId: 26752 (auto-detected)
2017-03-30 11:12:29  [ main:284 ] - [ DEBUG ]  -Dio.netty.initialSeedUniquifier: 0x6a9826d449b8c07b
2017-03-30 11:12:29  [ main:294 ] - [ DEBUG ]  -Dio.netty.threadLocalDirectBufferSize: 65536
2017-03-30 11:12:29  [ main:315 ] - [ DEBUG ]  Platform: Windows
2017-03-30 11:12:29  [ main:316 ] - [ DEBUG ]  Java version: 7
2017-03-30 11:12:29  [ main:316 ] - [ DEBUG ]  -Dio.netty.noUnsafe: false
2017-03-30 11:12:29  [ main:317 ] - [ DEBUG ]  java.nio.ByteBuffer.cleaner: available
2017-03-30 11:12:29  [ main:318 ] - [ DEBUG ]  java.nio.Buffer.address: available
2017-03-30 11:12:29  [ main:318 ] - [ DEBUG ]  sun.misc.Unsafe.theUnsafe: available
2017-03-30 11:12:29  [ main:318 ] - [ DEBUG ]  sun.misc.Unsafe.copyMemory: available
2017-03-30 11:12:29  [ main:319 ] - [ DEBUG ]  java.nio.Bits.unaligned: true
2017-03-30 11:12:29  [ main:320 ] - [ DEBUG ]  sun.misc.Unsafe: available
2017-03-30 11:12:29  [ main:321 ] - [ DEBUG ]  -Dio.netty.noJavassist: false
2017-03-30 11:12:29  [ main:341 ] - [ DEBUG ]  Javassist: available
2017-03-30 11:12:29  [ main:341 ] - [ DEBUG ]  -Dio.netty.noPreferDirect: false
2017-03-30 11:12:30  [ nioEventLoopGroup-2-1:363 ] - [ DEBUG ]  -Dio.netty.leakDetectionLevel: simple
2017-03-30 11:12:44  [ main:0 ] - [ DEBUG ]  Using Log4J as the default logging framework
2017-03-30 11:12:44  [ main:6 ] - [ DEBUG ]  -Dio.netty.eventLoopThreads: 8
2017-03-30 11:12:44  [ main:22 ] - [ DEBUG ]  -Dio.netty.noKeySetOptimization: false
2017-03-30 11:12:44  [ main:24 ] - [ DEBUG ]  -Dio.netty.selectorAutoRebuildThreshold: 512
2017-03-30 11:12:44  [ main:211 ] - [ DEBUG ]  -Dio.netty.machineId: a8:6b:ad:21:b5:8f:00:00 (auto-detected)
2017-03-30 11:12:44  [ main:224 ] - [ DEBUG ]  -Dio.netty.processId: 49536 (auto-detected)
2017-03-30 11:12:45  [ main:302 ] - [ DEBUG ]  -Dio.netty.initialSeedUniquifier: 0x38b75f579cab8c7d
2017-03-30 11:12:45  [ main:309 ] - [ DEBUG ]  -Dio.netty.threadLocalDirectBufferSize: 65536
2017-03-30 11:12:45  [ main:334 ] - [ DEBUG ]  Platform: Windows
2017-03-30 11:12:45  [ main:334 ] - [ DEBUG ]  Java version: 7
2017-03-30 11:12:45  [ main:334 ] - [ DEBUG ]  -Dio.netty.noUnsafe: false
2017-03-30 11:12:45  [ main:335 ] - [ DEBUG ]  java.nio.ByteBuffer.cleaner: available
2017-03-30 11:12:45  [ main:335 ] - [ DEBUG ]  java.nio.Buffer.address: available
2017-03-30 11:12:45  [ main:336 ] - [ DEBUG ]  sun.misc.Unsafe.theUnsafe: available
2017-03-30 11:12:45  [ main:336 ] - [ DEBUG ]  sun.misc.Unsafe.copyMemory: available
2017-03-30 11:12:45  [ main:336 ] - [ DEBUG ]  java.nio.Bits.unaligned: true
2017-03-30 11:12:45  [ main:338 ] - [ DEBUG ]  sun.misc.Unsafe: available
2017-03-30 11:12:45  [ main:338 ] - [ DEBUG ]  -Dio.netty.noJavassist: false
2017-03-30 11:12:45  [ main:360 ] - [ DEBUG ]  Javassist: available
2017-03-30 11:12:45  [ main:361 ] - [ DEBUG ]  -Dio.netty.noPreferDirect: false
2017-03-30 11:12:45  [ nioEventLoopGroup-2-1:383 ] - [ DEBUG ]  -Dio.netty.leakDetectionLevel: simple
2017-03-30 11:13:14  [ main:0 ] - [ DEBUG ]  Using Log4J as the default logging framework
2017-03-30 11:13:14  [ main:7 ] - [ DEBUG ]  -Dio.netty.eventLoopThreads: 8
2017-03-30 11:13:14  [ main:23 ] - [ DEBUG ]  -Dio.netty.noKeySetOptimization: false
2017-03-30 11:13:14  [ main:24 ] - [ DEBUG ]  -Dio.netty.selectorAutoRebuildThreshold: 512
2017-03-30 11:13:14  [ main:207 ] - [ DEBUG ]  -Dio.netty.machineId: a8:6b:ad:21:b5:8f:00:00 (auto-detected)
2017-03-30 11:13:14  [ main:216 ] - [ DEBUG ]  -Dio.netty.processId: 24660 (auto-detected)
2017-03-30 11:13:14  [ main:293 ] - [ DEBUG ]  -Dio.netty.initialSeedUniquifier: 0x80355981ec8ebc16
2017-03-30 11:13:14  [ main:304 ] - [ DEBUG ]  -Dio.netty.threadLocalDirectBufferSize: 65536
2017-03-30 11:13:14  [ main:324 ] - [ DEBUG ]  Platform: Windows
2017-03-30 11:13:14  [ main:325 ] - [ DEBUG ]  Java version: 7
2017-03-30 11:13:14  [ main:325 ] - [ DEBUG ]  -Dio.netty.noUnsafe: false
2017-03-30 11:13:14  [ main:326 ] - [ DEBUG ]  java.nio.ByteBuffer.cleaner: available
2017-03-30 11:13:14  [ main:327 ] - [ DEBUG ]  java.nio.Buffer.address: available
2017-03-30 11:13:14  [ main:328 ] - [ DEBUG ]  sun.misc.Unsafe.theUnsafe: available
2017-03-30 11:13:14  [ main:329 ] - [ DEBUG ]  sun.misc.Unsafe.copyMemory: available
2017-03-30 11:13:14  [ main:330 ] - [ DEBUG ]  java.nio.Bits.unaligned: true
2017-03-30 11:13:14  [ main:331 ] - [ DEBUG ]  sun.misc.Unsafe: available
2017-03-30 11:13:14  [ main:331 ] - [ DEBUG ]  -Dio.netty.noJavassist: false
2017-03-30 11:13:14  [ main:351 ] - [ DEBUG ]  Javassist: available
2017-03-30 11:13:14  [ main:352 ] - [ DEBUG ]  -Dio.netty.noPreferDirect: false
2017-03-30 11:13:14  [ nioEventLoopGroup-2-1:373 ] - [ DEBUG ]  -Dio.netty.leakDetectionLevel: simple
2017-03-30 11:13:29  [ main:0 ] - [ DEBUG ]  Using Log4J as the default logging framework
2017-03-30 11:13:29  [ main:5 ] - [ DEBUG ]  -Dio.netty.eventLoopThreads: 8
2017-03-30 11:13:29  [ main:22 ] - [ DEBUG ]  -Dio.netty.noKeySetOptimization: false
2017-03-30 11:13:29  [ main:23 ] - [ DEBUG ]  -Dio.netty.selectorAutoRebuildThreshold: 512
2017-03-30 11:13:29  [ main:210 ] - [ DEBUG ]  -Dio.netty.machineId: a8:6b:ad:21:b5:8f:00:00 (auto-detected)
2017-03-30 11:13:29  [ main:221 ] - [ DEBUG ]  -Dio.netty.processId: 22336 (auto-detected)
2017-03-30 11:13:29  [ main:297 ] - [ DEBUG ]  -Dio.netty.initialSeedUniquifier: 0xba1a685191a2e542
2017-03-30 11:13:29  [ main:305 ] - [ DEBUG ]  -Dio.netty.threadLocalDirectBufferSize: 65536
2017-03-30 11:13:29  [ main:326 ] - [ DEBUG ]  Platform: Windows
2017-03-30 11:13:29  [ main:327 ] - [ DEBUG ]  Java version: 7
2017-03-30 11:13:29  [ main:327 ] - [ DEBUG ]  -Dio.netty.noUnsafe: false
2017-03-30 11:13:29  [ main:329 ] - [ DEBUG ]  java.nio.ByteBuffer.cleaner: available
2017-03-30 11:13:29  [ main:330 ] - [ DEBUG ]  java.nio.Buffer.address: available
2017-03-30 11:13:29  [ main:330 ] - [ DEBUG ]  sun.misc.Unsafe.theUnsafe: available
2017-03-30 11:13:29  [ main:330 ] - [ DEBUG ]  sun.misc.Unsafe.copyMemory: available
2017-03-30 11:13:29  [ main:331 ] - [ DEBUG ]  java.nio.Bits.unaligned: true
2017-03-30 11:13:29  [ main:332 ] - [ DEBUG ]  sun.misc.Unsafe: available
2017-03-30 11:13:29  [ main:332 ] - [ DEBUG ]  -Dio.netty.noJavassist: false
2017-03-30 11:13:29  [ main:355 ] - [ DEBUG ]  Javassist: available
2017-03-30 11:13:29  [ main:355 ] - [ DEBUG ]  -Dio.netty.noPreferDirect: false
2017-03-30 11:13:29  [ nioEventLoopGroup-2-1:378 ] - [ DEBUG ]  -Dio.netty.leakDetectionLevel: simple
2017-03-30 11:15:17  [ main:0 ] - [ DEBUG ]  Using Log4J as the default logging framework
2017-03-30 11:15:17  [ main:6 ] - [ DEBUG ]  -Dio.netty.eventLoopThreads: 8
2017-03-30 11:15:17  [ main:23 ] - [ DEBUG ]  -Dio.netty.noKeySetOptimization: false
2017-03-30 11:15:17  [ main:25 ] - [ DEBUG ]  -Dio.netty.selectorAutoRebuildThreshold: 512
2017-03-30 11:15:17  [ main:202 ] - [ DEBUG ]  -Dio.netty.machineId: a8:6b:ad:21:b5:8f:00:00 (auto-detected)
2017-03-30 11:15:17  [ main:213 ] - [ DEBUG ]  -Dio.netty.processId: 9520 (auto-detected)
2017-03-30 11:15:17  [ main:285 ] - [ DEBUG ]  -Dio.netty.initialSeedUniquifier: 0x801f78477a54bd3e
2017-03-30 11:15:17  [ main:294 ] - [ DEBUG ]  -Dio.netty.threadLocalDirectBufferSize: 65536
2017-03-30 11:15:17  [ main:315 ] - [ DEBUG ]  Platform: Windows
2017-03-30 11:15:17  [ main:315 ] - [ DEBUG ]  Java version: 7
2017-03-30 11:15:17  [ main:315 ] - [ DEBUG ]  -Dio.netty.noUnsafe: false
2017-03-30 11:15:17  [ main:316 ] - [ DEBUG ]  java.nio.ByteBuffer.cleaner: available
2017-03-30 11:15:17  [ main:317 ] - [ DEBUG ]  java.nio.Buffer.address: available
2017-03-30 11:15:17  [ main:318 ] - [ DEBUG ]  sun.misc.Unsafe.theUnsafe: available
2017-03-30 11:15:17  [ main:318 ] - [ DEBUG ]  sun.misc.Unsafe.copyMemory: available
2017-03-30 11:15:17  [ main:319 ] - [ DEBUG ]  java.nio.Bits.unaligned: true
2017-03-30 11:15:17  [ main:321 ] - [ DEBUG ]  sun.misc.Unsafe: available
2017-03-30 11:15:17  [ main:322 ] - [ DEBUG ]  -Dio.netty.noJavassist: false
2017-03-30 11:15:17  [ main:340 ] - [ DEBUG ]  Javassist: available
2017-03-30 11:15:17  [ main:340 ] - [ DEBUG ]  -Dio.netty.noPreferDirect: false
2017-03-30 11:15:17  [ nioEventLoopGroup-2-1:360 ] - [ DEBUG ]  -Dio.netty.leakDetectionLevel: simple
2017-03-30 11:15:36  [ main:0 ] - [ DEBUG ]  Using Log4J as the default logging framework
2017-03-30 11:15:36  [ main:4 ] - [ DEBUG ]  -Dio.netty.eventLoopThreads: 8
2017-03-30 11:15:36  [ main:23 ] - [ DEBUG ]  -Dio.netty.noKeySetOptimization: false
2017-03-30 11:15:36  [ main:25 ] - [ DEBUG ]  -Dio.netty.selectorAutoRebuildThreshold: 512
2017-03-30 11:15:36  [ main:210 ] - [ DEBUG ]  -Dio.netty.machineId: a8:6b:ad:21:b5:8f:00:00 (auto-detected)
2017-03-30 11:15:36  [ main:220 ] - [ DEBUG ]  -Dio.netty.processId: 28108 (auto-detected)
2017-03-30 11:15:36  [ main:296 ] - [ DEBUG ]  -Dio.netty.initialSeedUniquifier: 0xb8b0faed38b68dd3
2017-03-30 11:15:36  [ main:305 ] - [ DEBUG ]  -Dio.netty.threadLocalDirectBufferSize: 65536
2017-03-30 11:15:36  [ main:327 ] - [ DEBUG ]  Platform: Windows
2017-03-30 11:15:36  [ main:328 ] - [ DEBUG ]  Java version: 7
2017-03-30 11:15:36  [ main:328 ] - [ DEBUG ]  -Dio.netty.noUnsafe: false
2017-03-30 11:15:36  [ main:329 ] - [ DEBUG ]  java.nio.ByteBuffer.cleaner: available
2017-03-30 11:15:36  [ main:330 ] - [ DEBUG ]  java.nio.Buffer.address: available
2017-03-30 11:15:36  [ main:330 ] - [ DEBUG ]  sun.misc.Unsafe.theUnsafe: available
2017-03-30 11:15:36  [ main:330 ] - [ DEBUG ]  sun.misc.Unsafe.copyMemory: available
2017-03-30 11:15:36  [ main:330 ] - [ DEBUG ]  java.nio.Bits.unaligned: true
2017-03-30 11:15:36  [ main:332 ] - [ DEBUG ]  sun.misc.Unsafe: available
2017-03-30 11:15:36  [ main:332 ] - [ DEBUG ]  -Dio.netty.noJavassist: false
2017-03-30 11:15:36  [ main:352 ] - [ DEBUG ]  Javassist: available
2017-03-30 11:15:36  [ main:353 ] - [ DEBUG ]  -Dio.netty.noPreferDirect: false
2017-03-30 11:15:36  [ nioEventLoopGroup-2-1:373 ] - [ DEBUG ]  -Dio.netty.leakDetectionLevel: simple
2017-03-30 11:16:25  [ main:0 ] - [ DEBUG ]  Using Log4J as the default logging framework
2017-03-30 11:16:25  [ main:5 ] - [ DEBUG ]  -Dio.netty.eventLoopThreads: 8
2017-03-30 11:16:25  [ main:22 ] - [ DEBUG ]  -Dio.netty.noKeySetOptimization: false
2017-03-30 11:16:25  [ main:24 ] - [ DEBUG ]  -Dio.netty.selectorAutoRebuildThreshold: 512
2017-03-30 11:16:25  [ main:207 ] - [ DEBUG ]  -Dio.netty.machineId: a8:6b:ad:21:b5:8f:00:00 (auto-detected)
2017-03-30 11:16:25  [ main:218 ] - [ DEBUG ]  -Dio.netty.processId: 17404 (auto-detected)
2017-03-30 11:16:25  [ main:297 ] - [ DEBUG ]  -Dio.netty.initialSeedUniquifier: 0xe5e4013dbf42100c
2017-03-30 11:16:25  [ main:307 ] - [ DEBUG ]  -Dio.netty.threadLocalDirectBufferSize: 65536
2017-03-30 11:16:25  [ main:329 ] - [ DEBUG ]  Platform: Windows
2017-03-30 11:16:25  [ main:333 ] - [ DEBUG ]  Java version: 7
2017-03-30 11:16:25  [ main:333 ] - [ DEBUG ]  -Dio.netty.noUnsafe: false
2017-03-30 11:16:25  [ main:335 ] - [ DEBUG ]  java.nio.ByteBuffer.cleaner: available
2017-03-30 11:16:25  [ main:335 ] - [ DEBUG ]  java.nio.Buffer.address: available
2017-03-30 11:16:25  [ main:335 ] - [ DEBUG ]  sun.misc.Unsafe.theUnsafe: available
2017-03-30 11:16:25  [ main:336 ] - [ DEBUG ]  sun.misc.Unsafe.copyMemory: available
2017-03-30 11:16:25  [ main:336 ] - [ DEBUG ]  java.nio.Bits.unaligned: true
2017-03-30 11:16:26  [ main:337 ] - [ DEBUG ]  sun.misc.Unsafe: available
2017-03-30 11:16:26  [ main:337 ] - [ DEBUG ]  -Dio.netty.noJavassist: false
2017-03-30 11:16:26  [ main:357 ] - [ DEBUG ]  Javassist: available
2017-03-30 11:16:26  [ main:357 ] - [ DEBUG ]  -Dio.netty.noPreferDirect: false
2017-03-30 11:16:26  [ nioEventLoopGroup-2-1:376 ] - [ DEBUG ]  -Dio.netty.leakDetectionLevel: simple
2017-03-30 11:19:12  [ main:0 ] - [ DEBUG ]  Using Log4J as the default logging framework
2017-03-30 11:19:12  [ main:5 ] - [ DEBUG ]  -Dio.netty.eventLoopThreads: 8
2017-03-30 11:19:12  [ main:23 ] - [ DEBUG ]  -Dio.netty.noKeySetOptimization: false
2017-03-30 11:19:12  [ main:24 ] - [ DEBUG ]  -Dio.netty.selectorAutoRebuildThreshold: 512
2017-03-30 11:19:12  [ main:214 ] - [ DEBUG ]  -Dio.netty.machineId: a8:6b:ad:21:b5:8f:00:00 (auto-detected)
2017-03-30 11:19:12  [ main:227 ] - [ DEBUG ]  -Dio.netty.processId: 43468 (auto-detected)
2017-03-30 11:19:12  [ main:312 ] - [ DEBUG ]  -Dio.netty.initialSeedUniquifier: 0x46d897f10ffbb6de
2017-03-30 11:19:12  [ main:324 ] - [ DEBUG ]  -Dio.netty.threadLocalDirectBufferSize: 65536
2017-03-30 11:19:12  [ main:348 ] - [ DEBUG ]  Platform: Windows
2017-03-30 11:19:12  [ main:349 ] - [ DEBUG ]  Java version: 7
2017-03-30 11:19:12  [ main:349 ] - [ DEBUG ]  -Dio.netty.noUnsafe: false
2017-03-30 11:19:12  [ main:350 ] - [ DEBUG ]  java.nio.ByteBuffer.cleaner: available
2017-03-30 11:19:12  [ main:351 ] - [ DEBUG ]  java.nio.Buffer.address: available
2017-03-30 11:19:12  [ main:351 ] - [ DEBUG ]  sun.misc.Unsafe.theUnsafe: available
2017-03-30 11:19:12  [ main:352 ] - [ DEBUG ]  sun.misc.Unsafe.copyMemory: available
2017-03-30 11:19:12  [ main:353 ] - [ DEBUG ]  java.nio.Bits.unaligned: true
2017-03-30 11:19:12  [ main:355 ] - [ DEBUG ]  sun.misc.Unsafe: available
2017-03-30 11:19:12  [ main:356 ] - [ DEBUG ]  -Dio.netty.noJavassist: false
2017-03-30 11:19:12  [ main:378 ] - [ DEBUG ]  Javassist: available
2017-03-30 11:19:12  [ main:378 ] - [ DEBUG ]  -Dio.netty.noPreferDirect: false
2017-03-30 11:19:12  [ nioEventLoopGroup-2-1:397 ] - [ DEBUG ]  -Dio.netty.leakDetectionLevel: simple
2017-03-30 11:19:47  [ main:0 ] - [ DEBUG ]  Using Log4J as the default logging framework
2017-03-30 11:19:47  [ main:6 ] - [ DEBUG ]  -Dio.netty.eventLoopThreads: 8
2017-03-30 11:19:47  [ main:25 ] - [ DEBUG ]  -Dio.netty.noKeySetOptimization: false
2017-03-30 11:19:47  [ main:27 ] - [ DEBUG ]  -Dio.netty.selectorAutoRebuildThreshold: 512
2017-03-30 11:19:47  [ main:225 ] - [ DEBUG ]  -Dio.netty.machineId: a8:6b:ad:21:b5:8f:00:00 (auto-detected)
2017-03-30 11:19:47  [ main:237 ] - [ DEBUG ]  -Dio.netty.processId: 24708 (auto-detected)
2017-03-30 11:19:47  [ main:324 ] - [ DEBUG ]  -Dio.netty.initialSeedUniquifier: 0xa71e567c1a14cf6e
2017-03-30 11:19:47  [ main:333 ] - [ DEBUG ]  -Dio.netty.threadLocalDirectBufferSize: 65536
2017-03-30 11:19:47  [ main:359 ] - [ DEBUG ]  Platform: Windows
2017-03-30 11:19:47  [ main:359 ] - [ DEBUG ]  Java version: 7
2017-03-30 11:19:47  [ main:360 ] - [ DEBUG ]  -Dio.netty.noUnsafe: false
2017-03-30 11:19:47  [ main:361 ] - [ DEBUG ]  java.nio.ByteBuffer.cleaner: available
2017-03-30 11:19:47  [ main:362 ] - [ DEBUG ]  java.nio.Buffer.address: available
2017-03-30 11:19:47  [ main:362 ] - [ DEBUG ]  sun.misc.Unsafe.theUnsafe: available
2017-03-30 11:19:47  [ main:363 ] - [ DEBUG ]  sun.misc.Unsafe.copyMemory: available
2017-03-30 11:19:47  [ main:363 ] - [ DEBUG ]  java.nio.Bits.unaligned: true
2017-03-30 11:19:47  [ main:364 ] - [ DEBUG ]  sun.misc.Unsafe: available
2017-03-30 11:19:47  [ main:364 ] - [ DEBUG ]  -Dio.netty.noJavassist: false
2017-03-30 11:19:47  [ main:386 ] - [ DEBUG ]  Javassist: available
2017-03-30 11:19:47  [ main:387 ] - [ DEBUG ]  -Dio.netty.noPreferDirect: false
2017-03-30 11:19:47  [ nioEventLoopGroup-2-1:409 ] - [ DEBUG ]  -Dio.netty.leakDetectionLevel: simple
2017-03-30 11:21:22  [ main:1 ] - [ DEBUG ]  Using Log4J as the default logging framework
2017-03-30 11:21:22  [ main:6 ] - [ DEBUG ]  -Dio.netty.eventLoopThreads: 8
2017-03-30 11:21:22  [ main:31 ] - [ DEBUG ]  -Dio.netty.noKeySetOptimization: false
2017-03-30 11:21:22  [ main:34 ] - [ DEBUG ]  -Dio.netty.selectorAutoRebuildThreshold: 512
2017-03-30 11:21:22  [ main:231 ] - [ DEBUG ]  -Dio.netty.machineId: a8:6b:ad:21:b5:8f:00:00 (auto-detected)
2017-03-30 11:21:22  [ main:242 ] - [ DEBUG ]  -Dio.netty.processId: 25780 (auto-detected)
2017-03-30 11:21:22  [ main:319 ] - [ DEBUG ]  -Dio.netty.initialSeedUniquifier: 0xda6ed21cd7c88263
2017-03-30 11:21:22  [ main:328 ] - [ DEBUG ]  -Dio.netty.threadLocalDirectBufferSize: 65536
2017-03-30 11:21:22  [ main:350 ] - [ DEBUG ]  Platform: Windows
2017-03-30 11:21:22  [ main:351 ] - [ DEBUG ]  Java version: 7
2017-03-30 11:21:22  [ main:351 ] - [ DEBUG ]  -Dio.netty.noUnsafe: false
2017-03-30 11:21:22  [ main:352 ] - [ DEBUG ]  java.nio.ByteBuffer.cleaner: available
2017-03-30 11:21:22  [ main:352 ] - [ DEBUG ]  java.nio.Buffer.address: available
2017-03-30 11:21:22  [ main:352 ] - [ DEBUG ]  sun.misc.Unsafe.theUnsafe: available
2017-03-30 11:21:22  [ main:353 ] - [ DEBUG ]  sun.misc.Unsafe.copyMemory: available
2017-03-30 11:21:22  [ main:353 ] - [ DEBUG ]  java.nio.Bits.unaligned: true
2017-03-30 11:21:22  [ main:354 ] - [ DEBUG ]  sun.misc.Unsafe: available
2017-03-30 11:21:22  [ main:355 ] - [ DEBUG ]  -Dio.netty.noJavassist: false
2017-03-30 11:21:22  [ main:373 ] - [ DEBUG ]  Javassist: available
2017-03-30 11:21:22  [ main:374 ] - [ DEBUG ]  -Dio.netty.noPreferDirect: false
2017-03-30 11:21:22  [ nioEventLoopGroup-2-1:396 ] - [ DEBUG ]  -Dio.netty.leakDetectionLevel: simple
2017-03-30 11:24:03  [ main:0 ] - [ DEBUG ]  Using Log4J as the default logging framework
2017-03-30 11:24:03  [ main:6 ] - [ DEBUG ]  -Dio.netty.eventLoopThreads: 8
2017-03-30 11:24:03  [ main:26 ] - [ DEBUG ]  -Dio.netty.noKeySetOptimization: false
2017-03-30 11:24:03  [ main:29 ] - [ DEBUG ]  -Dio.netty.selectorAutoRebuildThreshold: 512
2017-03-30 11:24:04  [ main:220 ] - [ DEBUG ]  -Dio.netty.machineId: a8:6b:ad:21:b5:8f:00:00 (auto-detected)
2017-03-30 11:24:04  [ main:233 ] - [ DEBUG ]  -Dio.netty.processId: 38776 (auto-detected)
2017-03-30 11:24:04  [ main:311 ] - [ DEBUG ]  -Dio.netty.initialSeedUniquifier: 0xe40bce3751faf3e6
2017-03-30 11:24:04  [ main:318 ] - [ DEBUG ]  -Dio.netty.threadLocalDirectBufferSize: 65536
2017-03-30 11:24:04  [ main:341 ] - [ DEBUG ]  Platform: Windows
2017-03-30 11:24:04  [ main:341 ] - [ DEBUG ]  Java version: 7
2017-03-30 11:24:04  [ main:341 ] - [ DEBUG ]  -Dio.netty.noUnsafe: false
2017-03-30 11:24:04  [ main:343 ] - [ DEBUG ]  java.nio.ByteBuffer.cleaner: available
2017-03-30 11:24:04  [ main:343 ] - [ DEBUG ]  java.nio.Buffer.address: available
2017-03-30 11:24:04  [ main:344 ] - [ DEBUG ]  sun.misc.Unsafe.theUnsafe: available
2017-03-30 11:24:04  [ main:344 ] - [ DEBUG ]  sun.misc.Unsafe.copyMemory: available
2017-03-30 11:24:04  [ main:344 ] - [ DEBUG ]  java.nio.Bits.unaligned: true
2017-03-30 11:24:04  [ main:346 ] - [ DEBUG ]  sun.misc.Unsafe: available
2017-03-30 11:24:04  [ main:346 ] - [ DEBUG ]  -Dio.netty.noJavassist: false
2017-03-30 11:24:04  [ main:366 ] - [ DEBUG ]  Javassist: available
2017-03-30 11:24:04  [ main:367 ] - [ DEBUG ]  -Dio.netty.noPreferDirect: false
2017-03-30 11:24:04  [ nioEventLoopGroup-2-1:389 ] - [ DEBUG ]  -Dio.netty.leakDetectionLevel: simple
2017-03-30 11:24:32  [ main:0 ] - [ DEBUG ]  Using Log4J as the default logging framework
2017-03-30 11:24:32  [ main:6 ] - [ DEBUG ]  -Dio.netty.eventLoopThreads: 8
2017-03-30 11:24:32  [ main:23 ] - [ DEBUG ]  -Dio.netty.noKeySetOptimization: false
2017-03-30 11:24:32  [ main:24 ] - [ DEBUG ]  -Dio.netty.selectorAutoRebuildThreshold: 512
2017-03-30 11:24:32  [ main:204 ] - [ DEBUG ]  -Dio.netty.machineId: a8:6b:ad:21:b5:8f:00:00 (auto-detected)
2017-03-30 11:24:32  [ main:213 ] - [ DEBUG ]  -Dio.netty.processId: 32284 (auto-detected)
2017-03-30 11:24:32  [ main:289 ] - [ DEBUG ]  -Dio.netty.initialSeedUniquifier: 0xe8bddccc33b75c70
2017-03-30 11:24:32  [ main:296 ] - [ DEBUG ]  -Dio.netty.threadLocalDirectBufferSize: 65536
2017-03-30 11:24:32  [ main:318 ] - [ DEBUG ]  Platform: Windows
2017-03-30 11:24:32  [ main:319 ] - [ DEBUG ]  Java version: 7
2017-03-30 11:24:32  [ main:319 ] - [ DEBUG ]  -Dio.netty.noUnsafe: false
2017-03-30 11:24:32  [ main:320 ] - [ DEBUG ]  java.nio.ByteBuffer.cleaner: available
2017-03-30 11:24:32  [ main:321 ] - [ DEBUG ]  java.nio.Buffer.address: available
2017-03-30 11:24:32  [ main:321 ] - [ DEBUG ]  sun.misc.Unsafe.theUnsafe: available
2017-03-30 11:24:32  [ main:321 ] - [ DEBUG ]  sun.misc.Unsafe.copyMemory: available
2017-03-30 11:24:32  [ main:321 ] - [ DEBUG ]  java.nio.Bits.unaligned: true
2017-03-30 11:24:32  [ main:323 ] - [ DEBUG ]  sun.misc.Unsafe: available
2017-03-30 11:24:32  [ main:323 ] - [ DEBUG ]  -Dio.netty.noJavassist: false
2017-03-30 11:24:32  [ main:342 ] - [ DEBUG ]  Javassist: available
2017-03-30 11:24:32  [ main:342 ] - [ DEBUG ]  -Dio.netty.noPreferDirect: false
2017-03-30 11:24:32  [ nioEventLoopGroup-2-1:363 ] - [ DEBUG ]  -Dio.netty.leakDetectionLevel: simple
2017-03-30 11:34:55  [ main:1 ] - [ DEBUG ]  Using Log4J as the default logging framework
2017-03-30 11:34:55  [ main:6 ] - [ DEBUG ]  -Dio.netty.eventLoopThreads: 8
2017-03-30 11:34:55  [ main:23 ] - [ DEBUG ]  -Dio.netty.noKeySetOptimization: false
2017-03-30 11:34:55  [ main:25 ] - [ DEBUG ]  -Dio.netty.selectorAutoRebuildThreshold: 512
2017-03-30 11:34:55  [ main:210 ] - [ DEBUG ]  -Dio.netty.machineId: a8:6b:ad:21:b5:8f:00:00 (auto-detected)
2017-03-30 11:34:55  [ main:222 ] - [ DEBUG ]  -Dio.netty.processId: 27284 (auto-detected)
2017-03-30 11:34:55  [ main:302 ] - [ DEBUG ]  -Dio.netty.initialSeedUniquifier: 0xada0a31f229cec9b
2017-03-30 11:34:55  [ main:311 ] - [ DEBUG ]  -Dio.netty.threadLocalDirectBufferSize: 65536
2017-03-30 11:34:55  [ main:335 ] - [ DEBUG ]  Platform: Windows
2017-03-30 11:34:55  [ main:336 ] - [ DEBUG ]  Java version: 7
2017-03-30 11:34:55  [ main:336 ] - [ DEBUG ]  -Dio.netty.noUnsafe: false
2017-03-30 11:34:55  [ main:337 ] - [ DEBUG ]  java.nio.ByteBuffer.cleaner: available
2017-03-30 11:34:55  [ main:337 ] - [ DEBUG ]  java.nio.Buffer.address: available
2017-03-30 11:34:55  [ main:338 ] - [ DEBUG ]  sun.misc.Unsafe.theUnsafe: available
2017-03-30 11:34:55  [ main:338 ] - [ DEBUG ]  sun.misc.Unsafe.copyMemory: available
2017-03-30 11:34:55  [ main:338 ] - [ DEBUG ]  java.nio.Bits.unaligned: true
2017-03-30 11:34:55  [ main:340 ] - [ DEBUG ]  sun.misc.Unsafe: available
2017-03-30 11:34:55  [ main:341 ] - [ DEBUG ]  -Dio.netty.noJavassist: false
2017-03-30 11:34:55  [ main:364 ] - [ DEBUG ]  Javassist: available
2017-03-30 11:34:55  [ main:364 ] - [ DEBUG ]  -Dio.netty.noPreferDirect: false
2017-03-30 11:34:55  [ nioEventLoopGroup-2-1:384 ] - [ DEBUG ]  -Dio.netty.leakDetectionLevel: simple
2017-03-30 11:36:04  [ main:0 ] - [ DEBUG ]  Using Log4J as the default logging framework
2017-03-30 11:36:04  [ main:5 ] - [ DEBUG ]  -Dio.netty.eventLoopThreads: 8
2017-03-30 11:36:04  [ main:25 ] - [ DEBUG ]  -Dio.netty.noKeySetOptimization: false
2017-03-30 11:36:04  [ main:26 ] - [ DEBUG ]  -Dio.netty.selectorAutoRebuildThreshold: 512
2017-03-30 11:36:04  [ main:214 ] - [ DEBUG ]  -Dio.netty.machineId: a8:6b:ad:21:b5:8f:00:00 (auto-detected)
2017-03-30 11:36:04  [ main:225 ] - [ DEBUG ]  -Dio.netty.processId: 20436 (auto-detected)
2017-03-30 11:36:04  [ main:302 ] - [ DEBUG ]  -Dio.netty.initialSeedUniquifier: 0x2859327e32539907
2017-03-30 11:36:04  [ main:311 ] - [ DEBUG ]  -Dio.netty.threadLocalDirectBufferSize: 65536
2017-03-30 11:36:04  [ main:334 ] - [ DEBUG ]  Platform: Windows
2017-03-30 11:36:04  [ main:335 ] - [ DEBUG ]  Java version: 7
2017-03-30 11:36:04  [ main:335 ] - [ DEBUG ]  -Dio.netty.noUnsafe: false
2017-03-30 11:36:04  [ main:337 ] - [ DEBUG ]  java.nio.ByteBuffer.cleaner: available
2017-03-30 11:36:04  [ main:337 ] - [ DEBUG ]  java.nio.Buffer.address: available
2017-03-30 11:36:04  [ main:338 ] - [ DEBUG ]  sun.misc.Unsafe.theUnsafe: available
2017-03-30 11:36:04  [ main:338 ] - [ DEBUG ]  sun.misc.Unsafe.copyMemory: available
2017-03-30 11:36:04  [ main:338 ] - [ DEBUG ]  java.nio.Bits.unaligned: true
2017-03-30 11:36:04  [ main:340 ] - [ DEBUG ]  sun.misc.Unsafe: available
2017-03-30 11:36:04  [ main:340 ] - [ DEBUG ]  -Dio.netty.noJavassist: false
2017-03-30 11:36:04  [ main:361 ] - [ DEBUG ]  Javassist: available
2017-03-30 11:36:04  [ main:361 ] - [ DEBUG ]  -Dio.netty.noPreferDirect: false
2017-03-30 11:36:04  [ nioEventLoopGroup-2-1:382 ] - [ DEBUG ]  -Dio.netty.leakDetectionLevel: simple
2017-03-30 11:43:44  [ main:0 ] - [ DEBUG ]  Using Log4J as the default logging framework
2017-03-30 11:43:44  [ main:6 ] - [ DEBUG ]  -Dio.netty.eventLoopThreads: 8
2017-03-30 11:43:44  [ main:23 ] - [ DEBUG ]  -Dio.netty.noKeySetOptimization: false
2017-03-30 11:43:44  [ main:24 ] - [ DEBUG ]  -Dio.netty.selectorAutoRebuildThreshold: 512
2017-03-30 11:43:44  [ main:208 ] - [ DEBUG ]  -Dio.netty.machineId: a8:6b:ad:21:b5:8f:00:00 (auto-detected)
2017-03-30 11:43:44  [ main:219 ] - [ DEBUG ]  -Dio.netty.processId: 20392 (auto-detected)
2017-03-30 11:43:44  [ main:297 ] - [ DEBUG ]  -Dio.netty.initialSeedUniquifier: 0x29b37732c03fe060
2017-03-30 11:43:44  [ main:306 ] - [ DEBUG ]  -Dio.netty.threadLocalDirectBufferSize: 65536
2017-03-30 11:43:44  [ main:327 ] - [ DEBUG ]  Platform: Windows
2017-03-30 11:43:44  [ main:328 ] - [ DEBUG ]  Java version: 7
2017-03-30 11:43:44  [ main:328 ] - [ DEBUG ]  -Dio.netty.noUnsafe: false
2017-03-30 11:43:44  [ main:329 ] - [ DEBUG ]  java.nio.ByteBuffer.cleaner: available
2017-03-30 11:43:44  [ main:329 ] - [ DEBUG ]  java.nio.Buffer.address: available
2017-03-30 11:43:44  [ main:330 ] - [ DEBUG ]  sun.misc.Unsafe.theUnsafe: available
2017-03-30 11:43:44  [ main:330 ] - [ DEBUG ]  sun.misc.Unsafe.copyMemory: available
2017-03-30 11:43:44  [ main:330 ] - [ DEBUG ]  java.nio.Bits.unaligned: true
2017-03-30 11:43:44  [ main:332 ] - [ DEBUG ]  sun.misc.Unsafe: available
2017-03-30 11:43:44  [ main:332 ] - [ DEBUG ]  -Dio.netty.noJavassist: false
2017-03-30 11:43:44  [ main:353 ] - [ DEBUG ]  Javassist: available
2017-03-30 11:43:44  [ main:353 ] - [ DEBUG ]  -Dio.netty.noPreferDirect: false
2017-03-30 11:43:44  [ nioEventLoopGroup-2-1:374 ] - [ DEBUG ]  -Dio.netty.leakDetectionLevel: simple
2017-03-30 11:44:27  [ main:0 ] - [ DEBUG ]  Using Log4J as the default logging framework
2017-03-30 11:44:27  [ main:5 ] - [ DEBUG ]  -Dio.netty.eventLoopThreads: 8
2017-03-30 11:44:27  [ main:22 ] - [ DEBUG ]  -Dio.netty.noKeySetOptimization: false
2017-03-30 11:44:27  [ main:23 ] - [ DEBUG ]  -Dio.netty.selectorAutoRebuildThreshold: 512
2017-03-30 11:44:28  [ main:210 ] - [ DEBUG ]  -Dio.netty.machineId: a8:6b:ad:21:b5:8f:00:00 (auto-detected)
2017-03-30 11:44:28  [ main:221 ] - [ DEBUG ]  -Dio.netty.processId: 29804 (auto-detected)
2017-03-30 11:44:28  [ main:299 ] - [ DEBUG ]  -Dio.netty.initialSeedUniquifier: 0xfba910b1fae2ab09
2017-03-30 11:44:28  [ main:307 ] - [ DEBUG ]  -Dio.netty.threadLocalDirectBufferSize: 65536
2017-03-30 11:44:28  [ main:330 ] - [ DEBUG ]  Platform: Windows
2017-03-30 11:44:28  [ main:330 ] - [ DEBUG ]  Java version: 7
2017-03-30 11:44:28  [ main:331 ] - [ DEBUG ]  -Dio.netty.noUnsafe: false
2017-03-30 11:44:28  [ main:332 ] - [ DEBUG ]  java.nio.ByteBuffer.cleaner: available
2017-03-30 11:44:28  [ main:332 ] - [ DEBUG ]  java.nio.Buffer.address: available
2017-03-30 11:44:28  [ main:332 ] - [ DEBUG ]  sun.misc.Unsafe.theUnsafe: available
2017-03-30 11:44:28  [ main:333 ] - [ DEBUG ]  sun.misc.Unsafe.copyMemory: available
2017-03-30 11:44:28  [ main:333 ] - [ DEBUG ]  java.nio.Bits.unaligned: true
2017-03-30 11:44:28  [ main:334 ] - [ DEBUG ]  sun.misc.Unsafe: available
2017-03-30 11:44:28  [ main:334 ] - [ DEBUG ]  -Dio.netty.noJavassist: false
2017-03-30 11:44:28  [ main:355 ] - [ DEBUG ]  Javassist: available
2017-03-30 11:44:28  [ main:355 ] - [ DEBUG ]  -Dio.netty.noPreferDirect: false
2017-03-30 11:44:28  [ nioEventLoopGroup-2-1:381 ] - [ DEBUG ]  -Dio.netty.leakDetectionLevel: simple
2017-03-30 11:49:01  [ main:1 ] - [ DEBUG ]  Using Log4J as the default logging framework
2017-03-30 11:49:01  [ main:6 ] - [ DEBUG ]  -Dio.netty.eventLoopThreads: 8
2017-03-30 11:49:01  [ main:33 ] - [ DEBUG ]  -Dio.netty.noKeySetOptimization: false
2017-03-30 11:49:01  [ main:35 ] - [ DEBUG ]  -Dio.netty.selectorAutoRebuildThreshold: 512
2017-03-30 11:49:01  [ main:253 ] - [ DEBUG ]  -Dio.netty.machineId: a8:6b:ad:21:b5:8f:00:00 (auto-detected)
2017-03-30 11:49:01  [ main:264 ] - [ DEBUG ]  -Dio.netty.processId: 17268 (auto-detected)
2017-03-30 11:49:01  [ main:338 ] - [ DEBUG ]  -Dio.netty.initialSeedUniquifier: 0x346c10aeeca15c54
2017-03-30 11:49:01  [ main:348 ] - [ DEBUG ]  -Dio.netty.threadLocalDirectBufferSize: 65536
2017-03-30 11:49:01  [ main:369 ] - [ DEBUG ]  Platform: Windows
2017-03-30 11:49:01  [ main:370 ] - [ DEBUG ]  Java version: 7
2017-03-30 11:49:01  [ main:371 ] - [ DEBUG ]  -Dio.netty.noUnsafe: false
2017-03-30 11:49:01  [ main:372 ] - [ DEBUG ]  java.nio.ByteBuffer.cleaner: available
2017-03-30 11:49:01  [ main:373 ] - [ DEBUG ]  java.nio.Buffer.address: available
2017-03-30 11:49:01  [ main:373 ] - [ DEBUG ]  sun.misc.Unsafe.theUnsafe: available
2017-03-30 11:49:01  [ main:373 ] - [ DEBUG ]  sun.misc.Unsafe.copyMemory: available
2017-03-30 11:49:01  [ main:374 ] - [ DEBUG ]  java.nio.Bits.unaligned: true
2017-03-30 11:49:01  [ main:375 ] - [ DEBUG ]  sun.misc.Unsafe: available
2017-03-30 11:49:01  [ main:375 ] - [ DEBUG ]  -Dio.netty.noJavassist: false
2017-03-30 11:49:01  [ main:394 ] - [ DEBUG ]  Javassist: available
2017-03-30 11:49:01  [ main:394 ] - [ DEBUG ]  -Dio.netty.noPreferDirect: false
2017-03-30 11:49:01  [ nioEventLoopGroup-2-1:416 ] - [ DEBUG ]  -Dio.netty.leakDetectionLevel: simple
2017-03-30 11:53:03  [ main:0 ] - [ DEBUG ]  Using Log4J as the default logging framework
2017-03-30 11:53:03  [ main:7 ] - [ DEBUG ]  -Dio.netty.eventLoopThreads: 8
2017-03-30 11:53:03  [ main:24 ] - [ DEBUG ]  -Dio.netty.noKeySetOptimization: false
2017-03-30 11:53:03  [ main:25 ] - [ DEBUG ]  -Dio.netty.selectorAutoRebuildThreshold: 512
2017-03-30 11:53:03  [ main:211 ] - [ DEBUG ]  -Dio.netty.machineId: a8:6b:ad:21:b5:8f:00:00 (auto-detected)
2017-03-30 11:53:03  [ main:221 ] - [ DEBUG ]  -Dio.netty.processId: 33704 (auto-detected)
2017-03-30 11:53:03  [ main:297 ] - [ DEBUG ]  -Dio.netty.initialSeedUniquifier: 0x0630b1672175963f
2017-03-30 11:53:03  [ main:305 ] - [ DEBUG ]  -Dio.netty.threadLocalDirectBufferSize: 65536
2017-03-30 11:53:03  [ main:327 ] - [ DEBUG ]  Platform: Windows
2017-03-30 11:53:03  [ main:327 ] - [ DEBUG ]  Java version: 7
2017-03-30 11:53:03  [ main:328 ] - [ DEBUG ]  -Dio.netty.noUnsafe: false
2017-03-30 11:53:03  [ main:329 ] - [ DEBUG ]  java.nio.ByteBuffer.cleaner: available
2017-03-30 11:53:03  [ main:329 ] - [ DEBUG ]  java.nio.Buffer.address: available
2017-03-30 11:53:03  [ main:330 ] - [ DEBUG ]  sun.misc.Unsafe.theUnsafe: available
2017-03-30 11:53:03  [ main:330 ] - [ DEBUG ]  sun.misc.Unsafe.copyMemory: available
2017-03-30 11:53:03  [ main:331 ] - [ DEBUG ]  java.nio.Bits.unaligned: true
2017-03-30 11:53:03  [ main:332 ] - [ DEBUG ]  sun.misc.Unsafe: available
2017-03-30 11:53:03  [ main:333 ] - [ DEBUG ]  -Dio.netty.noJavassist: false
2017-03-30 11:53:03  [ main:353 ] - [ DEBUG ]  Javassist: available
2017-03-30 11:53:03  [ main:353 ] - [ DEBUG ]  -Dio.netty.noPreferDirect: false
2017-03-30 11:53:03  [ nioEventLoopGroup-2-1:373 ] - [ DEBUG ]  -Dio.netty.leakDetectionLevel: simple
2017-03-30 11:54:22  [ main:0 ] - [ DEBUG ]  Using Log4J as the default logging framework
2017-03-30 11:54:22  [ main:5 ] - [ DEBUG ]  -Dio.netty.eventLoopThreads: 8
2017-03-30 11:54:22  [ main:22 ] - [ DEBUG ]  -Dio.netty.noKeySetOptimization: false
2017-03-30 11:54:22  [ main:25 ] - [ DEBUG ]  -Dio.netty.selectorAutoRebuildThreshold: 512
2017-03-30 11:54:22  [ main:219 ] - [ DEBUG ]  -Dio.netty.machineId: a8:6b:ad:21:b5:8f:00:00 (auto-detected)
2017-03-30 11:54:22  [ main:230 ] - [ DEBUG ]  -Dio.netty.processId: 50572 (auto-detected)
2017-03-30 11:54:22  [ main:306 ] - [ DEBUG ]  -Dio.netty.initialSeedUniquifier: 0x858d526e3331281b
2017-03-30 11:54:22  [ main:314 ] - [ DEBUG ]  -Dio.netty.threadLocalDirectBufferSize: 65536
2017-03-30 11:54:22  [ main:336 ] - [ DEBUG ]  Platform: Windows
2017-03-30 11:54:22  [ main:337 ] - [ DEBUG ]  Java version: 7
2017-03-30 11:54:22  [ main:337 ] - [ DEBUG ]  -Dio.netty.noUnsafe: false
2017-03-30 11:54:22  [ main:339 ] - [ DEBUG ]  java.nio.ByteBuffer.cleaner: available
2017-03-30 11:54:22  [ main:339 ] - [ DEBUG ]  java.nio.Buffer.address: available
2017-03-30 11:54:22  [ main:340 ] - [ DEBUG ]  sun.misc.Unsafe.theUnsafe: available
2017-03-30 11:54:22  [ main:340 ] - [ DEBUG ]  sun.misc.Unsafe.copyMemory: available
2017-03-30 11:54:22  [ main:340 ] - [ DEBUG ]  java.nio.Bits.unaligned: true
2017-03-30 11:54:22  [ main:341 ] - [ DEBUG ]  sun.misc.Unsafe: available
2017-03-30 11:54:22  [ main:342 ] - [ DEBUG ]  -Dio.netty.noJavassist: false
2017-03-30 11:54:22  [ main:362 ] - [ DEBUG ]  Javassist: available
2017-03-30 11:54:22  [ main:362 ] - [ DEBUG ]  -Dio.netty.noPreferDirect: false
2017-03-30 11:54:22  [ nioEventLoopGroup-2-1:383 ] - [ DEBUG ]  -Dio.netty.leakDetectionLevel: simple
2017-03-30 11:56:06  [ main:0 ] - [ DEBUG ]  Using Log4J as the default logging framework
2017-03-30 11:56:06  [ main:6 ] - [ DEBUG ]  -Dio.netty.eventLoopThreads: 8
2017-03-30 11:56:06  [ main:24 ] - [ DEBUG ]  -Dio.netty.noKeySetOptimization: false
2017-03-30 11:56:06  [ main:26 ] - [ DEBUG ]  -Dio.netty.selectorAutoRebuildThreshold: 512
2017-03-30 11:56:06  [ main:212 ] - [ DEBUG ]  -Dio.netty.machineId: a8:6b:ad:21:b5:8f:00:00 (auto-detected)
2017-03-30 11:56:06  [ main:223 ] - [ DEBUG ]  -Dio.netty.processId: 7376 (auto-detected)
2017-03-30 11:56:06  [ main:304 ] - [ DEBUG ]  -Dio.netty.initialSeedUniquifier: 0xcf98a01d38e18727
2017-03-30 11:56:06  [ main:315 ] - [ DEBUG ]  -Dio.netty.threadLocalDirectBufferSize: 65536
2017-03-30 11:56:06  [ main:336 ] - [ DEBUG ]  Platform: Windows
2017-03-30 11:56:06  [ main:337 ] - [ DEBUG ]  Java version: 7
2017-03-30 11:56:06  [ main:337 ] - [ DEBUG ]  -Dio.netty.noUnsafe: false
2017-03-30 11:56:06  [ main:339 ] - [ DEBUG ]  java.nio.ByteBuffer.cleaner: available
2017-03-30 11:56:06  [ main:340 ] - [ DEBUG ]  java.nio.Buffer.address: available
2017-03-30 11:56:06  [ main:340 ] - [ DEBUG ]  sun.misc.Unsafe.theUnsafe: available
2017-03-30 11:56:06  [ main:341 ] - [ DEBUG ]  sun.misc.Unsafe.copyMemory: available
2017-03-30 11:56:06  [ main:341 ] - [ DEBUG ]  java.nio.Bits.unaligned: true
2017-03-30 11:56:06  [ main:342 ] - [ DEBUG ]  sun.misc.Unsafe: available
2017-03-30 11:56:06  [ main:342 ] - [ DEBUG ]  -Dio.netty.noJavassist: false
2017-03-30 11:56:06  [ main:361 ] - [ DEBUG ]  Javassist: available
2017-03-30 11:56:06  [ main:362 ] - [ DEBUG ]  -Dio.netty.noPreferDirect: false
2017-03-30 11:56:06  [ nioEventLoopGroup-2-1:385 ] - [ DEBUG ]  -Dio.netty.leakDetectionLevel: simple
